AUTOCREATE
2018-03-02T13:06:29+0100 : Document_Tag_Translate used in /Users/pmacgregor/Code/pimcore-first-steps/pc4-legacy/pimcore/lib/Pimcore/Tool.php at line 679
2018-03-02T13:06:37+0100 : Document_Tag_Translate used in /Users/pmacgregor/Code/pimcore-first-steps/pc4-legacy/pimcore/lib/Pimcore/Tool.php at line 679
2018-03-02T13:06:44+0100 : Document_Tag_Translate used in /Users/pmacgregor/Code/pimcore-first-steps/pc4-legacy/pimcore/lib/Pimcore/Tool.php at line 679
2018-03-02T13:35:15+0100 : Document_Tag_Translate used in /Users/pmacgregor/Code/pimcore-first-steps/pc4-legacy/pimcore/lib/Pimcore/Tool.php at line 679
2018-03-02T13:35:17+0100 : Document_Tag_Translate used in /Users/pmacgregor/Code/pimcore-first-steps/pc4-legacy/pimcore/lib/Pimcore/Tool.php at line 679
2018-03-02T14:04:50+0100 : Document_Tag_Translate used in /Users/pmacgregor/Code/pimcore-first-steps/pc4-legacy/pimcore/lib/Pimcore/Tool.php at line 679
2018-03-02T14:04:54+0100 : Document_Tag_Translate used in /Users/pmacgregor/Code/pimcore-first-steps/pc4-legacy/pimcore/lib/Pimcore/Tool.php at line 679
2018-03-02T14:11:30+0100 : Document_Tag_Translate used in /Users/pmacgregor/Code/pimcore-first-steps/pc4-legacy/pimcore/lib/Pimcore/Tool.php at line 679
2018-03-02T14:11:43+0100 : Document_Tag_Translate used in /Users/pmacgregor/Code/pimcore-first-steps/pc4-legacy/pimcore/lib/Pimcore/Tool.php at line 679
2018-03-02T14:15:54+0100 : Document_Tag_Translate used in /Users/pmacgregor/Code/pimcore-first-steps/pc4-legacy/pimcore/lib/Pimcore/Tool.php at line 679
2018-03-02T15:02:14+0100 : Document_Tag_Translate used in /Users/pmacgregor/Code/pimcore-first-steps/pc4-legacy/pimcore/lib/Pimcore/Tool.php at line 679
2018-03-02T15:02:16+0100 : Document_Tag_Translate used in /Users/pmacgregor/Code/pimcore-first-steps/pc4-legacy/pimcore/lib/Pimcore/Tool.php at line 679
2018-03-02T15:52:30+0100 : Document_Tag_Translate used in /Users/pmacgregor/Code/pimcore-first-steps/pc4-legacy/pimcore/lib/Pimcore/Tool.php at line 679
2018-03-02T15:52:33+0100 : Document_Tag_Translate used in /Users/pmacgregor/Code/pimcore-first-steps/pc4-legacy/pimcore/lib/Pimcore/Tool.php at line 679
2018-03-02T16:24:21+0100 : Document_Tag_Paginationcontrol used in /Users/pmacgregor/Code/pimcore-first-steps/pc4-legacy/pimcore/lib/Pimcore/Tool.php at line 679
2018-03-02T16:24:21+0100 : Document_Tag_Partial used in /Users/pmacgregor/Code/pimcore-first-steps/pc4-legacy/pimcore/lib/Pimcore/Tool.php at line 679
2018-03-02T16:24:21+0100 : Document_Tag_Url used in /Users/pmacgregor/Code/pimcore-first-steps/pc4-legacy/pimcore/lib/Pimcore/Tool.php at line 679
2018-03-02T16:24:29+0100 : Document_Tag_Paginationcontrol used in /Users/pmacgregor/Code/pimcore-first-steps/pc4-legacy/pimcore/lib/Pimcore/Tool.php at line 679
2018-03-02T16:24:29+0100 : Document_Tag_Partial used in /Users/pmacgregor/Code/pimcore-first-steps/pc4-legacy/pimcore/lib/Pimcore/Tool.php at line 679
2018-03-02T16:24:29+0100 : Document_Tag_Url used in /Users/pmacgregor/Code/pimcore-first-steps/pc4-legacy/pimcore/lib/Pimcore/Tool.php at line 679
2018-03-02T16:24:34+0100 : Document_Tag_Paginationcontrol used in /Users/pmacgregor/Code/pimcore-first-steps/pc4-legacy/pimcore/lib/Pimcore/Tool.php at line 679
2018-03-02T16:24:34+0100 : Document_Tag_Partial used in /Users/pmacgregor/Code/pimcore-first-steps/pc4-legacy/pimcore/lib/Pimcore/Tool.php at line 679
2018-03-02T16:24:34+0100 : Document_Tag_Url used in /Users/pmacgregor/Code/pimcore-first-steps/pc4-legacy/pimcore/lib/Pimcore/Tool.php at line 679
2018-03-02T16:24:37+0100 : Document_Tag_Paginationcontrol used in /Users/pmacgregor/Code/pimcore-first-steps/pc4-legacy/pimcore/lib/Pimcore/Tool.php at line 679
2018-03-02T16:24:37+0100 : Document_Tag_Partial used in /Users/pmacgregor/Code/pimcore-first-steps/pc4-legacy/pimcore/lib/Pimcore/Tool.php at line 679
2018-03-02T16:24:37+0100 : Document_Tag_Url used in /Users/pmacgregor/Code/pimcore-first-steps/pc4-legacy/pimcore/lib/Pimcore/Tool.php at line 679
2018-03-02T16:25:55+0100 : Document_Tag_Paginationcontrol used in /Users/pmacgregor/Code/pimcore-first-steps/pc4-legacy/pimcore/lib/Pimcore/Tool.php at line 679
2018-03-02T16:25:55+0100 : Document_Tag_Partial used in /Users/pmacgregor/Code/pimcore-first-steps/pc4-legacy/pimcore/lib/Pimcore/Tool.php at line 679
2018-03-02T16:26:29+0100 : Document_Tag_Paginationcontrol used in /Users/pmacgregor/Code/pimcore-first-steps/pc4-legacy/pimcore/lib/Pimcore/Tool.php at line 679
2018-03-02T16:26:29+0100 : Document_Tag_Partial used in /Users/pmacgregor/Code/pimcore-first-steps/pc4-legacy/pimcore/lib/Pimcore/Tool.php at line 679
2018-03-02T16:26:29+0100 : Document_Tag_Url used in /Users/pmacgregor/Code/pimcore-first-steps/pc4-legacy/pimcore/lib/Pimcore/Tool.php at line 679
2018-03-02T16:27:37+0100 : Document_Tag_Paginationcontrol used in /Users/pmacgregor/Code/pimcore-first-steps/pc4-legacy/pimcore/lib/Pimcore/Tool.php at line 679
2018-03-02T16:27:37+0100 : Document_Tag_Partial used in /Users/pmacgregor/Code/pimcore-first-steps/pc4-legacy/pimcore/lib/Pimcore/Tool.php at line 679
2018-03-02T16:27:37+0100 : Document_Tag_Url used in /Users/pmacgregor/Code/pimcore-first-steps/pc4-legacy/pimcore/lib/Pimcore/Tool.php at line 679
2018-03-02T16:27:43+0100 : Document_Tag_Paginationcontrol used in /Users/pmacgregor/Code/pimcore-first-steps/pc4-legacy/pimcore/lib/Pimcore/Tool.php at line 679
2018-03-02T16:27:43+0100 : Document_Tag_Partial used in /Users/pmacgregor/Code/pimcore-first-steps/pc4-legacy/pimcore/lib/Pimcore/Tool.php at line 679
2018-03-02T16:27:43+0100 : Document_Tag_Url used in /Users/pmacgregor/Code/pimcore-first-steps/pc4-legacy/pimcore/lib/Pimcore/Tool.php at line 679
2018-03-02T16:27:45+0100 : Document_Tag_Paginationcontrol used in /Users/pmacgregor/Code/pimcore-first-steps/pc4-legacy/pimcore/lib/Pimcore/Tool.php at line 679
2018-03-02T16:27:45+0100 : Document_Tag_Partial used in /Users/pmacgregor/Code/pimcore-first-steps/pc4-legacy/pimcore/lib/Pimcore/Tool.php at line 679
2018-03-02T16:27:45+0100 : Document_Tag_Url used in /Users/pmacgregor/Code/pimcore-first-steps/pc4-legacy/pimcore/lib/Pimcore/Tool.php at line 679
