AUTOCREATE
2018-03-02T13:06:29+0100 : 0|admin|login|index|[]
2018-03-02T13:06:37+0100 : 0|admin|login|login|{"username":"admin"}
2018-03-02T13:06:37+0100 : 2|admin|index|index|[]
2018-03-02T13:06:38+0100 : 2|admin|user|get-image|[]
2018-03-02T13:06:38+0100 : 2|admin|misc|json-translations-system|{"language":"en"}
2018-03-02T13:06:38+0100 : 2|admin|misc|json-translations-admin|{"language":"en"}
2018-03-02T13:06:38+0100 : 2|admin|user|get-current-user|[]
2018-03-02T13:06:38+0100 : 2|admin|misc|available-languages|[]
2018-03-02T13:06:41+0100 : 2|admin|misc|admin-css|{"extjs6":"true?_dc=4109"}
2018-03-02T13:06:41+0100 : 2|admin|misc|script-proxy|{"scripts":"minified_javascript_core_25ecff6204a6071..."}
2018-03-02T13:06:43+0100 : 2|admin|class|get-tree|{"page":"1","start":"0","limit":"25"}
2018-03-02T13:06:43+0100 : 2|admin|class|get-tree|{"createAllowed":"true","page":"1","start":"0","limit":"25"}
2018-03-02T13:06:43+0100 : 2|admin|settings|get-available-admin-languages|{"page":"1","start":"0","limit":"25"}
2018-03-02T13:06:43+0100 : 2|admin|settings|get-available-sites|{"page":"1","start":"0","limit":"25"}
2018-03-02T13:06:44+0100 : 2|reports|targeting|persona-list|{"page":"1","start":"0","limit":"25"}
2018-03-02T13:06:44+0100 : 2|admin|document|tree-get-root|{"id":"1","view":""}
2018-03-02T13:06:44+0100 : 2|admin|asset|tree-get-root|{"id":"1","view":""}
2018-03-02T13:06:44+0100 : 2|admin|object|tree-get-root|{"id":"","view":""}
2018-03-02T13:06:44+0100 : 2|admin|portal|dashboard-list|[]
2018-03-02T13:06:44+0100 : 2|admin|document|doc-types|{"xaction":"read","page":"1","start":"0","limit":"25"}
2018-03-02T13:06:44+0100 : 2|reports|custom-report|get-report-config|[]
2018-03-02T13:06:45+0100 : 2|admin|object|tree-get-childs-by-id|{"limit":"30","view":"","node":"1"}
2018-03-02T13:09:34+0100 : 2|admin|page|get-data-by-id|{"id":"1"}
2018-03-02T13:09:34+0100 : 2|admin|tags|tree-get-children-by-id|{"showSelection":"true","assignmentCId":"1","assignmentCType":"document","node":"0"}
2018-03-02T13:09:34+0100 : 2|admin|misc|script-proxy|{"scripts":"minified_javascript_core_81394e27566601a..."}
2018-03-02T13:09:34+0100 : 2|admin|misc|json-translations-system|{"language":"en"}
2018-03-02T13:09:34+0100 : 2|admin|misc|json-translations-admin|{"language":"en"}
2018-03-02T13:12:47+0100 : 2|admin|settings|get-system|[]
2018-03-02T13:14:33+0100 : 2|admin|portal|get-configuration|{"key":"welcome"}
2018-03-02T13:14:33+0100 : 2|admin|portal|portlet-modification-statistics|{"page":"1","start":"0","limit":"25"}
2018-03-02T13:14:33+0100 : 2|admin|portal|portlet-modified-assets|{"page":"1","start":"0","limit":"25"}
2018-03-02T13:14:33+0100 : 2|admin|portal|portlet-modified-objects|{"page":"1","start":"0","limit":"25"}
2018-03-02T13:14:33+0100 : 2|admin|portal|portlet-modified-documents|{"page":"1","start":"0","limit":"25"}
2018-03-02T13:14:57+0100 : 2|admin|settings|redirects|{"xaction":"read","page":"1","start":"0","limit":"50"}
2018-03-02T13:15:16+0100 : 2|extensionmanager|admin|get-extensions|{"page":"1","start":"0","limit":"25"}
2018-03-02T13:15:36+0100 : 2|admin|translation|get-website-translation-languages|[]
2018-03-02T13:15:36+0100 : 2|admin|translation|translations|{"xaction":"read","page":"1","start":"0","limit":"25"}
2018-03-02T13:15:36+0100 : 2|admin|translation|translations|{"xaction":"read","page":"1","start":"0","limit":"25"}
2018-03-02T13:15:45+0100 : 2|reports|qrcode|tree|{"node":"0"}
2018-03-02T13:15:54+0100 : 2|reports|settings|get|[]
2018-03-02T13:18:10+0100 : 2|admin|document|seopanel-tree-root|[]
2018-03-02T13:35:15+0100 : 2|admin|index|index|[]
2018-03-02T13:35:15+0100 : 2|admin|user|get-image|[]
2018-03-02T13:35:15+0100 : 2|admin|misc|json-translations-system|{"language":"en"}
2018-03-02T13:35:15+0100 : 2|admin|misc|json-translations-admin|{"language":"en"}
2018-03-02T13:35:15+0100 : 2|admin|user|get-current-user|[]
2018-03-02T13:35:15+0100 : 2|admin|misc|available-languages|[]
2018-03-02T13:35:15+0100 : 2|admin|misc|admin-css|{"extjs6":"true?_dc=4109"}
2018-03-02T13:35:16+0100 : 2|admin|class|get-tree|{"page":"1","start":"0","limit":"25"}
2018-03-02T13:35:16+0100 : 2|admin|class|get-tree|{"createAllowed":"true","page":"1","start":"0","limit":"25"}
2018-03-02T13:35:16+0100 : 2|admin|settings|get-available-admin-languages|{"page":"1","start":"0","limit":"25"}
2018-03-02T13:35:17+0100 : 2|admin|settings|get-available-sites|{"page":"1","start":"0","limit":"25"}
2018-03-02T13:35:17+0100 : 2|reports|targeting|persona-list|{"page":"1","start":"0","limit":"25"}
2018-03-02T13:35:17+0100 : 2|admin|document|tree-get-root|{"id":"1","view":""}
2018-03-02T13:35:17+0100 : 2|admin|asset|tree-get-root|{"id":"1","view":""}
2018-03-02T13:35:17+0100 : 2|admin|object|tree-get-root|{"id":"","view":""}
2018-03-02T13:35:17+0100 : 2|admin|portal|dashboard-list|[]
2018-03-02T13:35:17+0100 : 2|admin|document|doc-types|{"xaction":"read","page":"1","start":"0","limit":"25"}
2018-03-02T13:35:17+0100 : 2|reports|custom-report|get-report-config|[]
2018-03-02T13:35:17+0100 : 2|admin|object|tree-get-childs-by-id|{"limit":"30","view":"","node":"1"}
2018-03-02T13:35:18+0100 : 2|admin|page|get-data-by-id|{"id":"1"}
2018-03-02T13:35:18+0100 : 2|admin|asset|get-data-by-id|{"id":"1","type":"folder"}
2018-03-02T13:35:18+0100 : 2|admin|tags|tree-get-children-by-id|{"showSelection":"true","assignmentCId":"1","assignmentCType":"document","node":"0"}
2018-03-02T13:35:18+0100 : 2|admin|asset|get-folder-content-preview|{"id":"1","page":"1","start":"0","limit":"25"}
2018-03-02T13:35:18+0100 : 2|admin|tags|tree-get-children-by-id|{"showSelection":"true","assignmentCId":"1","assignmentCType":"asset","node":"0"}
2018-03-02T13:35:19+0100 : 2|admin|misc|json-translations-system|{"language":"en"}
2018-03-02T13:35:19+0100 : 2|admin|misc|json-translations-admin|{"language":"en"}
2018-03-02T13:37:53+0100 : 2|admin|element|unlock-element|{"id":"1","type":"document"}
2018-03-02T13:37:53+0100 : 2|admin|page|remove-from-session|{"id":"1"}
2018-03-02T13:37:53+0100 : 2|admin|page|get-data-by-id|{"id":"1"}
2018-03-02T13:37:54+0100 : 2|admin|tags|tree-get-children-by-id|{"showSelection":"true","assignmentCId":"1","assignmentCType":"document","node":"0"}
2018-03-02T13:37:54+0100 : 2|admin|misc|json-translations-system|{"language":"en"}
2018-03-02T13:37:54+0100 : 2|admin|misc|json-translations-admin|{"language":"en"}
2018-03-02T13:38:27+0100 : 2|admin|element|unlock-element|{"id":"1","type":"document"}
2018-03-02T13:38:27+0100 : 2|admin|page|remove-from-session|{"id":"1"}
2018-03-02T13:38:28+0100 : 2|admin|page|get-data-by-id|{"id":"1"}
2018-03-02T13:38:28+0100 : 2|admin|tags|tree-get-children-by-id|{"showSelection":"true","assignmentCId":"1","assignmentCType":"document","node":"0"}
2018-03-02T13:38:28+0100 : 2|admin|misc|json-translations-system|{"language":"en"}
2018-03-02T13:38:28+0100 : 2|admin|misc|json-translations-admin|{"language":"en"}
2018-03-02T13:38:43+0100 : 2|admin|page|save|{"task":"publish","id":"1","data":"{\"myHeadline\":{\"data\":\"Look at this\",\"ty..."}
2018-03-02T13:38:43+0100 : 2|admin|document|get-versions|{"id":"1","page":"1","start":"0","limit":"25"}
2018-03-02T13:42:49+0100 : 2|admin|element|unlock-element|{"id":"1","type":"document"}
2018-03-02T13:42:49+0100 : 2|admin|page|remove-from-session|{"id":"1"}
2018-03-02T13:42:50+0100 : 2|admin|page|get-data-by-id|{"id":"1"}
2018-03-02T13:42:50+0100 : 2|admin|tags|tree-get-children-by-id|{"showSelection":"true","assignmentCId":"1","assignmentCType":"document","node":"0"}
2018-03-02T13:42:50+0100 : 2|admin|misc|json-translations-system|{"language":"en"}
2018-03-02T13:42:50+0100 : 2|admin|misc|json-translations-admin|{"language":"en"}
2018-03-02T13:43:04+0100 : 2|admin|page|save|{"task":"publish","id":"1","data":"{\"myHeadline\":{\"data\":\"Look at this\",\"ty..."}
2018-03-02T13:43:04+0100 : 2|admin|document|get-versions|{"id":"1","page":"1","start":"0","limit":"25"}
2018-03-02T13:44:07+0100 : 2|admin|element|unlock-element|{"id":"1","type":"document"}
2018-03-02T13:44:07+0100 : 2|admin|page|remove-from-session|{"id":"1"}
2018-03-02T13:44:08+0100 : 2|admin|page|get-data-by-id|{"id":"1"}
2018-03-02T13:44:08+0100 : 2|admin|tags|tree-get-children-by-id|{"showSelection":"true","assignmentCId":"1","assignmentCType":"document","node":"0"}
2018-03-02T13:44:08+0100 : 2|admin|misc|json-translations-system|{"language":"en"}
2018-03-02T13:44:08+0100 : 2|admin|misc|json-translations-admin|{"language":"en"}
2018-03-02T13:46:06+0100 : 2|admin|misc|get-valid-filename|{"value":"abc","type":"document"}
2018-03-02T13:46:06+0100 : 2|admin|document|add|{"key":"abc","name":"abc","title":"","type":"page","docTypeId":"","elementType":"document","index":"0","parentId":"1"}
2018-03-02T13:46:06+0100 : 2|admin|document|tree-get-childs-by-id|{"limit":"100","view":"","node":"1"}
2018-03-02T13:46:06+0100 : 2|admin|page|get-data-by-id|{"id":"2"}
2018-03-02T13:46:06+0100 : 2|admin|tags|tree-get-children-by-id|{"showSelection":"true","assignmentCId":"2","assignmentCType":"document","node":"0"}
2018-03-02T13:46:06+0100 : 2|admin|misc|json-translations-system|{"language":"en"}
2018-03-02T13:46:06+0100 : 2|admin|misc|json-translations-admin|{"language":"en"}
2018-03-02T13:46:20+0100 : 2|admin|page|save|{"task":"publish","id":"2","data":"{\"myHeadline\":{\"data\":\"ABC Page\",\"type\":..."}
2018-03-02T13:46:20+0100 : 2|admin|document|get-versions|{"id":"2","page":"1","start":"0","limit":"25"}
2018-03-02T13:53:36+0100 : 2|admin|asset|add-asset|{"parentId":"1","dir":"","filename":"bayernmap.png"}
2018-03-02T13:53:37+0100 : 2|admin|asset|tree-get-childs-by-id|{"limit":"30","view":"","node":"1"}
2018-03-02T13:53:38+0100 : 2|admin|asset|get-image-thumbnail|{"id":"2","treepreview":"true"}
2018-03-02T13:53:38+0100 : 2|admin|asset|get-data-by-id|{"id":"2","type":"image"}
2018-03-02T13:53:38+0100 : 2|admin|tags|tree-get-children-by-id|{"showSelection":"true","assignmentCId":"2","assignmentCType":"asset","node":"0"}
2018-03-02T13:53:38+0100 : 2|admin|asset|get-image-thumbnail|{"id":"2","treepreview":"true_dc=1519995218661"}
2018-03-02T13:58:11+0100 : 2|admin|asset|image-editor|{"id":"2"}
2018-03-02T13:58:22+0100 : 2|admin|misc|ping|[]
2018-03-02T13:58:36+0100 : 2|admin|asset|save|{"id":"2","metadata":"[{\"data\":\"Karte von Bayern\",\"type\":\"inpu..."}
2018-03-02T13:58:36+0100 : 2|admin|asset|get-versions|{"id":"2","page":"1","start":"0","limit":"25"}
2018-03-02T13:58:38+0100 : 2|admin|asset|get-image-thumbnail|{"id":"2","treepreview":"true"}
2018-03-02T13:59:10+0100 : 2|admin|asset|get-versions|{"id":"2","page":"1","start":"0","limit":"25"}
2018-03-02T13:59:18+0100 : 2|admin|asset|get-requires-dependencies|{"id":"2"}
2018-03-02T13:59:18+0100 : 2|admin|asset|get-required-by-dependencies|{"id":"2"}
2018-03-02T13:59:49+0100 : 2|admin|tags|load-tags-for-element|{"assignmentCId":"2","assignmentCType":"asset","page":"1","start":"0","limit":"25"}
2018-03-02T14:00:00+0100 : 2|admin|tags|add|{"parentId":"0","text":"bayern"}
2018-03-02T14:00:00+0100 : 2|admin|tags|tree-get-children-by-id|{"showSelection":"true","assignmentCId":"2","assignmentCType":"asset","node":"0"}
2018-03-02T14:00:05+0100 : 2|admin|tags|add|{"parentId":"0","text":"karte"}
2018-03-02T14:00:05+0100 : 2|admin|tags|tree-get-children-by-id|{"showSelection":"true","assignmentCId":"2","assignmentCType":"asset","node":"0"}
2018-03-02T14:00:06+0100 : 2|admin|tags|add-tag-to-element|{"assignmentElementId":"2","assignmentElementType":"asset","tagId":"1"}
2018-03-02T14:00:07+0100 : 2|admin|tags|add-tag-to-element|{"assignmentElementId":"2","assignmentElementType":"asset","tagId":"2"}
2018-03-02T14:00:09+0100 : 2|admin|asset|save|{"id":"2","metadata":"[{\"data\":\"Karte von Bayern\",\"type\":\"inpu...","properties":"[]"}
2018-03-02T14:00:09+0100 : 2|admin|asset|get-versions|{"id":"2","page":"1","start":"0","limit":"25"}
2018-03-02T14:02:25+0100 : 2|admin|element|unlock-element|{"id":"1","type":"document"}
2018-03-02T14:02:26+0100 : 2|admin|page|remove-from-session|{"id":"1"}
2018-03-02T14:02:26+0100 : 2|admin|page|get-data-by-id|{"id":"1"}
2018-03-02T14:02:26+0100 : 2|admin|tags|tree-get-children-by-id|{"showSelection":"true","assignmentCId":"1","assignmentCType":"document","node":"0"}
2018-03-02T14:02:26+0100 : 2|admin|misc|json-translations-system|{"language":"en"}
2018-03-02T14:02:27+0100 : 2|admin|misc|json-translations-admin|{"language":"en"}
2018-03-02T14:02:33+0100 : 2|admin|tags|tree-get-children-by-id|{"showSelection":"true","assignmentCId":"","assignmentCType":"","node":"0"}
2018-03-02T14:02:48+0100 : 2|admin|element|unlock-element|{"id":"2","type":"document"}
2018-03-02T14:02:48+0100 : 2|admin|page|remove-from-session|{"id":"2"}
2018-03-02T14:02:48+0100 : 2|admin|page|get-data-by-id|{"id":"2"}
2018-03-02T14:02:48+0100 : 2|admin|tags|tree-get-children-by-id|{"showSelection":"true","assignmentCId":"2","assignmentCType":"document","node":"0"}
2018-03-02T14:02:49+0100 : 2|admin|misc|json-translations-system|{"language":"en"}
2018-03-02T14:02:49+0100 : 2|admin|misc|json-translations-admin|{"language":"en"}
2018-03-02T14:02:53+0100 : 2|admin|tags|tree-get-children-by-id|{"showSelection":"true","assignmentCId":"","assignmentCType":"","node":"0"}
2018-03-02T14:03:06+0100 : 2|admin|asset|add-asset-compatibility|{"parentPath":"undefined"}
2018-03-02T14:03:06+0100 : 2|admin|asset|get-image-thumbnail|{"id":"3","width":"600","aspectratio":"true"}
2018-03-02T14:03:10+0100 : 2|admin|page|save|{"task":"publish","id":"2","data":"{\"myHeadline\":{\"data\":\"ABC Page\",\"type\":..."}
2018-03-02T14:03:10+0100 : 2|admin|document|get-versions|{"id":"2","page":"1","start":"0","limit":"25"}
2018-03-02T14:03:33+0100 : 2|admin|page|save|{"task":"publish","id":"2","data":"{\"myHeadline\":{\"data\":\"ABC Page\",\"type\":..."}
2018-03-02T14:03:33+0100 : 2|admin|document|get-versions|{"id":"2","page":"1","start":"0","limit":"25"}
2018-03-02T14:03:41+0100 : 2|admin|settings|clear-cache|[]
2018-03-02T14:04:18+0100 : 2|admin|asset|get-image-thumbnail|{"id":"2","treepreview":"true"}
2018-03-02T14:04:20+0100 : 2|admin|asset|save|{"id":"2","metadata":"[{\"data\":\"Karte von Bayern\",\"type\":\"inpu...","properties":"[]"}
2018-03-02T14:04:20+0100 : 2|admin|asset|get-versions|{"id":"2","page":"1","start":"0","limit":"25"}
2018-03-02T14:04:31+0100 : 2|admin|element|unlock-element|{"id":"1","type":"asset"}
2018-03-02T14:04:32+0100 : 2|admin|asset|get-data-by-id|{"id":"1","type":"folder"}
2018-03-02T14:04:32+0100 : 2|admin|asset|get-folder-content-preview|{"id":"1","page":"1","start":"0","limit":"25"}
2018-03-02T14:04:32+0100 : 2|admin|tags|tree-get-children-by-id|{"showSelection":"true","assignmentCId":"1","assignmentCType":"asset","node":"0"}
2018-03-02T14:04:32+0100 : 2|admin|asset|get-image-thumbnail|{"id":"3","treepreview":"true"}
2018-03-02T14:04:43+0100 : 2|admin|asset|grid-proxy|{"limit":"25","folderId":"1","only_direct_children":"false","page":"1","start":"0"}
2018-03-02T14:04:50+0100 : 2|admin|index|index|[]
2018-03-02T14:04:50+0100 : 2|admin|user|get-image|[]
2018-03-02T14:04:50+0100 : 2|admin|misc|json-translations-system|{"language":"en"}
2018-03-02T14:04:50+0100 : 2|admin|misc|json-translations-admin|{"language":"en"}
2018-03-02T14:04:50+0100 : 2|admin|user|get-current-user|[]
2018-03-02T14:04:50+0100 : 2|admin|misc|available-languages|[]
2018-03-02T14:04:53+0100 : 2|admin|misc|admin-css|{"extjs6":"true?_dc=4109"}
2018-03-02T14:04:54+0100 : 2|admin|class|get-tree|{"page":"1","start":"0","limit":"25"}
2018-03-02T14:04:54+0100 : 2|admin|class|get-tree|{"createAllowed":"true","page":"1","start":"0","limit":"25"}
2018-03-02T14:04:54+0100 : 2|admin|settings|get-available-admin-languages|{"page":"1","start":"0","limit":"25"}
2018-03-02T14:04:54+0100 : 2|admin|settings|get-available-sites|{"page":"1","start":"0","limit":"25"}
2018-03-02T14:04:54+0100 : 2|reports|targeting|persona-list|{"page":"1","start":"0","limit":"25"}
2018-03-02T14:04:54+0100 : 2|admin|document|tree-get-root|{"id":"1","view":""}
2018-03-02T14:04:55+0100 : 2|admin|asset|tree-get-root|{"id":"1","view":""}
2018-03-02T14:04:55+0100 : 2|admin|portal|dashboard-list|[]
2018-03-02T14:04:55+0100 : 2|admin|object|tree-get-root|{"id":"","view":""}
2018-03-02T14:04:55+0100 : 2|admin|document|doc-types|{"xaction":"read","page":"1","start":"0","limit":"25"}
2018-03-02T14:04:55+0100 : 2|admin|document|tree-get-childs-by-id|{"limit":"100","view":"","node":"1"}
2018-03-02T14:04:55+0100 : 2|admin|document|tree-get-childs-by-id|{"limit":"100","view":"","node":"1"}
2018-03-02T14:04:55+0100 : 2|admin|asset|tree-get-childs-by-id|{"limit":"30","view":"","node":"1"}
2018-03-02T14:04:55+0100 : 2|admin|asset|tree-get-childs-by-id|{"limit":"30","view":"","node":"1"}
2018-03-02T14:04:55+0100 : 2|reports|custom-report|get-report-config|[]
2018-03-02T14:04:55+0100 : 2|admin|object|tree-get-childs-by-id|{"limit":"30","view":"","node":"1"}
2018-03-02T14:04:56+0100 : 2|admin|asset|get-data-by-id|{"id":"2","type":"image"}
2018-03-02T14:04:56+0100 : 2|admin|page|get-data-by-id|{"id":"1"}
2018-03-02T14:04:56+0100 : 2|admin|page|get-data-by-id|{"id":"2"}
2018-03-02T14:04:56+0100 : 2|admin|asset|get-data-by-id|{"id":"1","type":"folder"}
2018-03-02T14:04:56+0100 : 2|admin|tags|tree-get-children-by-id|{"showSelection":"true","assignmentCId":"2","assignmentCType":"asset","node":"0"}
2018-03-02T14:04:56+0100 : 2|admin|asset|get-image-thumbnail|{"id":"2","treepreview":"true_dc=1519995896148"}
2018-03-02T14:04:56+0100 : 2|admin|tags|tree-get-children-by-id|{"showSelection":"true","assignmentCId":"1","assignmentCType":"document","node":"0"}
2018-03-02T14:04:57+0100 : 2|admin|tags|tree-get-children-by-id|{"showSelection":"true","assignmentCId":"2","assignmentCType":"document","node":"0"}
2018-03-02T14:04:57+0100 : 2|admin|asset|get-folder-content-preview|{"id":"1","page":"1","start":"0","limit":"25"}
2018-03-02T14:04:57+0100 : 2|admin|tags|tree-get-children-by-id|{"showSelection":"true","assignmentCId":"1","assignmentCType":"asset","node":"0"}
2018-03-02T14:04:57+0100 : 2|admin|misc|json-translations-system|{"language":"en"}
2018-03-02T14:04:57+0100 : 2|admin|misc|json-translations-admin|{"language":"en"}
2018-03-02T14:04:57+0100 : 2|admin|misc|json-translations-system|{"language":"en"}
2018-03-02T14:04:57+0100 : 2|admin|misc|json-translations-admin|{"language":"en"}
2018-03-02T14:04:58+0100 : 2|admin|asset|get-image-thumbnail|{"id":"3","width":"600","aspectratio":"true","path":"\/karte-regionen.png","alt":"","cropPercent":"","cropWidth":"","cropHeight":"","cropTop":"","cropLeft":""}
2018-03-02T14:05:20+0100 : 2|admin|tags|tree-get-children-by-id|{"showSelection":"true","assignmentCId":"","assignmentCType":"","node":"0"}
2018-03-02T14:05:23+0100 : 2|searchadmin|search|find|{"type":"asset","query":"","subtype":"image","context":"{\"scope\":\"documentEditor\",\"containerType...","page":"1","start":"0","limit":"50"}
2018-03-02T14:05:23+0100 : 2|admin|asset|get-image-thumbnail|{"id":"2","width":"100","height":"100","cover":"true","aspectratio":"true"}
2018-03-02T14:05:23+0100 : 2|admin|asset|get-image-thumbnail|{"id":"3","width":"100","height":"100","cover":"true","aspectratio":"true"}
2018-03-02T14:05:40+0100 : 2|admin|asset|get-image-thumbnail|{"id":"2","width":"600","aspectratio":"true"}
2018-03-02T14:05:43+0100 : 2|admin|page|save|{"task":"publish","id":"1","data":"{\"myHeadline\":{\"data\":\"Look at this\",\"ty..."}
2018-03-02T14:05:44+0100 : 2|admin|document|get-versions|{"id":"1","page":"1","start":"0","limit":"25"}
2018-03-02T14:09:30+0100 : 2|admin|object|get-folder|{"id":"1"}
2018-03-02T14:09:30+0100 : 2|admin|tags|tree-get-children-by-id|{"showSelection":"true","assignmentCId":"1","assignmentCType":"object","node":"0"}
2018-03-02T14:11:14+0100 : 2|admin|class|get-tree|{"grouped":"1","node":"0"}
2018-03-02T14:11:29+0100 : 2|admin|class|add|{"name":"Person"}
2018-03-02T14:11:30+0100 : 2|admin|class|get-tree|{"grouped":"1","node":"0"}
2018-03-02T14:11:30+0100 : 2|admin|class|get|{"id":"1"}
2018-03-02T14:11:30+0100 : 2|admin|class|get-tree|{"page":"1","start":"0","limit":"25"}
2018-03-02T14:11:30+0100 : 2|admin|class|get-tree|{"createAllowed":"true","page":"1","start":"0","limit":"25"}
2018-03-02T14:11:30+0100 : 2|admin|index|index|[]
2018-03-02T14:11:43+0100 : 2|admin|index|index|[]
2018-03-02T14:11:55+0100 : 2|admin|translation|add-admin-translation-keys|{"keys":"[\"person\",\"person\",\"person\"]"}
2018-03-02T14:14:57+0100 : 2|admin|class|save|{"configuration":"{\"childs\":[{\"name\":\"Layout\",\"datatype\":\"...","values":"{\"id\":1,\"name\":\"Person\",\"description\":\"\"...","id":"1"}
2018-03-02T14:14:57+0100 : 2|admin|class|get-tree|{"grouped":"1","node":"0"}
2018-03-02T14:14:57+0100 : 2|admin|class|get-tree|{"page":"1","start":"0","limit":"25"}
2018-03-02T14:14:57+0100 : 2|admin|class|get-tree|{"createAllowed":"true","page":"1","start":"0","limit":"25"}
2018-03-02T14:15:38+0100 : 2|admin|element|unlock-element|{"id":"1","type":"object"}
2018-03-02T14:15:39+0100 : 2|admin|element|unlock-element|{"id":"1","type":"asset"}
2018-03-02T14:15:40+0100 : 2|admin|element|unlock-element|{"id":"2","type":"document"}
2018-03-02T14:15:40+0100 : 2|admin|page|remove-from-session|{"id":"2"}
2018-03-02T14:15:41+0100 : 2|admin|element|unlock-element|{"id":"1","type":"document"}
2018-03-02T14:15:41+0100 : 2|admin|page|remove-from-session|{"id":"1"}
2018-03-02T14:15:41+0100 : 2|admin|element|unlock-element|{"id":"2","type":"asset"}
2018-03-02T14:15:54+0100 : 2|admin|index|index|[]
2018-03-02T14:16:06+0100 : 2|admin|class|save|{"configuration":"{\"childs\":[{\"name\":\"Layout\",\"datatype\":\"...","values":"{\"id\":1,\"name\":\"Person\",\"description\":\"\"...","id":"1"}
2018-03-02T14:16:06+0100 : 2|admin|class|get-tree|{"grouped":"1","node":"0"}
2018-03-02T14:16:06+0100 : 2|admin|class|get-tree|{"page":"1","start":"0","limit":"25"}
2018-03-02T14:16:06+0100 : 2|admin|class|get-tree|{"createAllowed":"true","page":"1","start":"0","limit":"25"}
2018-03-02T14:16:44+0100 : 2|admin|class|save|{"configuration":"{\"childs\":[{\"name\":\"Layout\",\"datatype\":\"...","values":"{\"id\":1,\"name\":\"Person\",\"description\":\"\"...","id":"1"}
2018-03-02T14:16:44+0100 : 2|admin|class|get-tree|{"grouped":"1","node":"0"}
2018-03-02T14:16:44+0100 : 2|admin|class|get-tree|{"page":"1","start":"0","limit":"25"}
2018-03-02T14:16:44+0100 : 2|admin|class|get-tree|{"createAllowed":"true","page":"1","start":"0","limit":"25"}
2018-03-02T14:17:16+0100 : 2|admin|object|get-folder|{"id":"1"}
2018-03-02T14:17:16+0100 : 2|admin|tags|tree-get-children-by-id|{"showSelection":"true","assignmentCId":"1","assignmentCType":"object","node":"0"}
2018-03-02T14:17:26+0100 : 2|admin|misc|get-valid-filename|{"value":"Doe","type":"object"}
2018-03-02T14:17:26+0100 : 2|admin|object|add|{"elementType":"object","parentId":"1","className":"Person","classId":"1","key":"Doe"}
2018-03-02T14:17:26+0100 : 2|admin|object|tree-get-childs-by-id|{"limit":"30","view":"","fromPaging":"0","start":"0","node":"1"}
2018-03-02T14:17:26+0100 : 2|admin|object|get|{"id":"2"}
2018-03-02T14:17:27+0100 : 2|admin|tags|tree-get-children-by-id|{"showSelection":"true","assignmentCId":"2","assignmentCType":"object","node":"0"}
2018-03-02T14:17:50+0100 : 2|admin|element|unlock-element|{"id":"2","type":"object"}
2018-03-02T14:17:54+0100 : 2|admin|object|delete-info|{"id":"2"}
2018-03-02T14:17:54+0100 : 2|admin|translation|add-admin-translation-keys|{"keys":"[\"master (admin mode)\",\"master\",\"nachnam..."}
2018-03-02T14:17:55+0100 : 2|admin|recyclebin|add|{"type":"object","id":"2"}
2018-03-02T14:17:55+0100 : 2|admin|object|delete|{"id":"2"}
2018-03-02T14:18:00+0100 : 2|admin|misc|get-valid-filename|{"value":"person1","type":"object"}
2018-03-02T14:18:00+0100 : 2|admin|object|add|{"elementType":"object","parentId":"1","className":"Person","classId":"1","key":"person1"}
2018-03-02T14:18:00+0100 : 2|admin|object|tree-get-childs-by-id|{"limit":"30","view":"","fromPaging":"0","start":"0","node":"1"}
2018-03-02T14:18:00+0100 : 2|admin|object|get|{"id":"3"}
2018-03-02T14:18:00+0100 : 2|admin|tags|tree-get-children-by-id|{"showSelection":"true","assignmentCId":"3","assignmentCType":"object","node":"0"}
2018-03-02T14:18:18+0100 : 2|admin|object|save|{"task":"unpublish","id":"3","modificationDate":"1519996680","data":"{\"lastname\":\"Doe\",\"firstname\":\"John\",\"bi...","general":"{\"o_className\":\"Person\",\"o_published\":fa..."}
2018-03-02T14:18:18+0100 : 2|admin|object|get-versions|{"id":"3","page":"1","start":"0","limit":"25"}
2018-03-02T14:27:55+0100 : 2|admin|misc|ping|[]
2018-03-02T14:54:25+0100 : 2|admin|misc|ping|[]
2018-03-02T14:56:25+0100 : 2|admin|asset|get-image-thumbnail|{"id":"2","treepreview":"true"}
2018-03-02T14:56:25+0100 : 2|admin|asset|get-data-by-id|{"id":"2","type":"image"}
2018-03-02T14:56:25+0100 : 2|admin|tags|tree-get-children-by-id|{"showSelection":"true","assignmentCId":"2","assignmentCType":"asset","node":"0"}
2018-03-02T14:56:25+0100 : 2|admin|asset|get-image-thumbnail|{"id":"2","treepreview":"true_dc=1519998985732"}
2018-03-02T14:56:28+0100 : 2|admin|asset|get-image-thumbnail|{"id":"3","treepreview":"true"}
2018-03-02T14:56:30+0100 : 2|admin|asset|get-data-by-id|{"id":"1","type":"folder"}
2018-03-02T14:56:30+0100 : 2|admin|asset|get-folder-content-preview|{"id":"1","page":"1","start":"0","limit":"25"}
2018-03-02T14:56:30+0100 : 2|admin|tags|tree-get-children-by-id|{"showSelection":"true","assignmentCId":"1","assignmentCType":"asset","node":"0"}
2018-03-02T14:56:41+0100 : 2|admin|page|get-data-by-id|{"id":"1"}
2018-03-02T14:56:41+0100 : 2|admin|tags|tree-get-children-by-id|{"showSelection":"true","assignmentCId":"1","assignmentCType":"document","node":"0"}
2018-03-02T14:56:41+0100 : 2|admin|misc|json-translations-system|{"language":"en"}
2018-03-02T14:56:41+0100 : 2|admin|misc|json-translations-admin|{"language":"en"}
2018-03-02T14:56:42+0100 : 2|admin|asset|get-image-thumbnail|{"id":"2","width":"600","aspectratio":"true","path":"\/bayernmap.png","alt":"","cropPercent":"","cropWidth":"","cropHeight":"","cropTop":"","cropLeft":""}
2018-03-02T14:57:29+0100 : 2|admin|settings|thumbnail-tree|{"node":"0"}
2018-03-02T14:57:36+0100 : 2|admin|settings|thumbnail-add|{"name":"dummy-thumbnail"}
2018-03-02T14:57:37+0100 : 2|admin|settings|thumbnail-tree|{"node":"0"}
2018-03-02T14:57:37+0100 : 2|admin|settings|thumbnail-get|{"name":"dummy-thumbnail"}
2018-03-02T14:58:00+0100 : 2|admin|settings|thumbnail-delete|{"name":"dummy-thumbnail"}
2018-03-02T14:58:00+0100 : 2|admin|settings|thumbnail-tree|[]
2018-03-02T14:58:04+0100 : 2|admin|settings|thumbnail-add|{"name":"square500"}
2018-03-02T14:58:05+0100 : 2|admin|settings|thumbnail-tree|{"node":"0"}
2018-03-02T14:58:05+0100 : 2|admin|settings|thumbnail-get|{"name":"square500"}
2018-03-02T15:00:03+0100 : 2|admin|settings|thumbnail-update|{"settings":"{\"description\":\"\",\"format\":\"SOURCE\",\"qua...","medias":"{\"default\":[{\"width\":500,\"height\":500,\"p...","name":"square500"}
2018-03-02T15:00:03+0100 : 2|admin|settings|thumbnail-tree|{"node":"0"}
2018-03-02T15:02:14+0100 : 2|admin|index|index|[]
2018-03-02T15:02:14+0100 : 2|admin|user|get-image|[]
2018-03-02T15:02:15+0100 : 2|admin|misc|json-translations-system|{"language":"en"}
2018-03-02T15:02:15+0100 : 2|admin|misc|json-translations-admin|{"language":"en"}
2018-03-02T15:02:15+0100 : 2|admin|user|get-current-user|[]
2018-03-02T15:02:15+0100 : 2|admin|misc|available-languages|[]
2018-03-02T15:02:15+0100 : 2|admin|misc|admin-css|{"extjs6":"true?_dc=4109"}
2018-03-02T15:02:16+0100 : 2|admin|class|get-tree|{"page":"1","start":"0","limit":"25"}
2018-03-02T15:02:16+0100 : 2|admin|class|get-tree|{"createAllowed":"true","page":"1","start":"0","limit":"25"}
2018-03-02T15:02:16+0100 : 2|admin|settings|get-available-admin-languages|{"page":"1","start":"0","limit":"25"}
2018-03-02T15:02:16+0100 : 2|admin|settings|get-available-sites|{"page":"1","start":"0","limit":"25"}
2018-03-02T15:02:16+0100 : 2|reports|targeting|persona-list|{"page":"1","start":"0","limit":"25"}
2018-03-02T15:02:17+0100 : 2|admin|document|tree-get-root|{"id":"1","view":""}
2018-03-02T15:02:17+0100 : 2|admin|portal|dashboard-list|[]
2018-03-02T15:02:17+0100 : 2|admin|asset|tree-get-root|{"id":"1","view":""}
2018-03-02T15:02:17+0100 : 2|admin|object|tree-get-root|{"id":"","view":""}
2018-03-02T15:02:17+0100 : 2|admin|document|doc-types|{"xaction":"read","page":"1","start":"0","limit":"25"}
2018-03-02T15:02:17+0100 : 2|admin|document|tree-get-childs-by-id|{"limit":"100","view":"","node":"1"}
2018-03-02T15:02:17+0100 : 2|admin|document|tree-get-childs-by-id|{"limit":"100","view":"","node":"1"}
2018-03-02T15:02:17+0100 : 2|admin|asset|tree-get-childs-by-id|{"limit":"30","view":"","node":"1"}
2018-03-02T15:02:17+0100 : 2|admin|asset|tree-get-childs-by-id|{"limit":"30","view":"","node":"1"}
2018-03-02T15:02:18+0100 : 2|admin|object|tree-get-childs-by-id|{"limit":"30","view":"","node":"1"}
2018-03-02T15:02:18+0100 : 2|admin|object|tree-get-childs-by-id|{"limit":"30","view":"","node":"1"}
2018-03-02T15:02:18+0100 : 2|reports|custom-report|get-report-config|[]
2018-03-02T15:02:18+0100 : 2|admin|object|get-folder|{"id":"1"}
2018-03-02T15:02:18+0100 : 2|admin|object|get|{"id":"3","layoutId":""}
2018-03-02T15:02:18+0100 : 2|admin|asset|get-data-by-id|{"id":"2","type":"image"}
2018-03-02T15:02:18+0100 : 2|admin|asset|get-data-by-id|{"id":"1","type":"folder"}
2018-03-02T15:02:18+0100 : 2|admin|page|get-data-by-id|{"id":"1"}
2018-03-02T15:02:18+0100 : 2|admin|tags|tree-get-children-by-id|{"showSelection":"true","assignmentCId":"1","assignmentCType":"object","node":"0"}
2018-03-02T15:02:19+0100 : 2|admin|object-helper|grid-get-column-config|{"id":"1","objectId":"1","gridtype":"grid","searchType":"folder"}
2018-03-02T15:02:19+0100 : 2|admin|tags|tree-get-children-by-id|{"showSelection":"true","assignmentCId":"3","assignmentCType":"object","node":"0"}
2018-03-02T15:02:19+0100 : 2|admin|tags|tree-get-children-by-id|{"showSelection":"true","assignmentCId":"2","assignmentCType":"asset","node":"0"}
2018-03-02T15:02:19+0100 : 2|admin|asset|get-image-thumbnail|{"id":"2","treepreview":"true_dc=1519999338825"}
2018-03-02T15:02:19+0100 : 2|admin|asset|get-folder-content-preview|{"id":"1","page":"1","start":"0","limit":"25"}
2018-03-02T15:02:19+0100 : 2|admin|tags|tree-get-children-by-id|{"showSelection":"true","assignmentCId":"1","assignmentCType":"asset","node":"0"}
2018-03-02T15:02:19+0100 : 2|admin|tags|tree-get-children-by-id|{"showSelection":"true","assignmentCId":"1","assignmentCType":"document","node":"0"}
2018-03-02T15:02:19+0100 : 2|admin|page|get-data-by-id|{"id":"2"}
2018-03-02T15:02:19+0100 : 2|admin|object|grid-proxy|{"classId":"1","folderId":"1","xaction":"read","language":"en","class":"Person","only_direct_children":"false","page":"1","start":"0","limit":"25"}
2018-03-02T15:02:20+0100 : 2|admin|asset|get-image-thumbnail|{"id":"3","treepreview":"true"}
2018-03-02T15:02:20+0100 : 2|admin|asset|get-image-thumbnail|{"id":"2","treepreview":"true"}
2018-03-02T15:02:20+0100 : 2|admin|tags|tree-get-children-by-id|{"showSelection":"true","assignmentCId":"2","assignmentCType":"document","node":"0"}
2018-03-02T15:02:20+0100 : 2|admin|misc|json-translations-system|{"language":"en"}
2018-03-02T15:02:20+0100 : 2|admin|misc|json-translations-admin|{"language":"en"}
2018-03-02T15:02:20+0100 : 2|admin|misc|json-translations-system|{"language":"en"}
2018-03-02T15:02:20+0100 : 2|admin|misc|json-translations-admin|{"language":"en"}
2018-03-02T15:02:21+0100 : 2|admin|asset|get-image-thumbnail|{"id":"2","thumbnail":"square500","path":"\/bayernmap.png","alt":"","cropPercent":"","cropWidth":"","cropHeight":"","cropTop":"","cropLeft":"","pimcore_editmode":"1"}
2018-03-02T15:02:22+0100 : 2|admin|asset|get-image-thumbnail|{"id":"3","thumbnail":"square500","path":"\/karte-regionen.png","alt":"","cropPercent":"","cropWidth":"","cropHeight":"","cropTop":"","cropLeft":"","pimcore_editmode":"1"}
2018-03-02T15:02:31+0100 : 2|admin|element|type-path|{"id":"2","type":"asset"}
2018-03-02T15:02:37+0100 : 2|admin|page|save|{"task":"publish","id":"1","data":"{\"myHeadline\":{\"data\":\"Look at this\",\"ty..."}
2018-03-02T15:02:37+0100 : 2|admin|document|get-versions|{"id":"1","page":"1","start":"0","limit":"25"}
2018-03-02T15:02:39+0100 : 2|admin|element|unlock-element|{"id":"2","type":"document"}
2018-03-02T15:02:39+0100 : 2|admin|page|remove-from-session|{"id":"2"}
2018-03-02T15:02:46+0100 : 2|admin|translation|add-admin-translation-keys|{"keys":"[\"person\",\"person\",\"person\",\"master (adm..."}
2018-03-02T15:09:30+0100 : 2|admin|page|get-data-by-id|{"id":"2"}
2018-03-02T15:09:31+0100 : 2|admin|tags|tree-get-children-by-id|{"showSelection":"true","assignmentCId":"2","assignmentCType":"document","node":"0"}
2018-03-02T15:10:23+0100 : 2|admin|element|unlock-element|{"id":"2","type":"document"}
2018-03-02T15:10:23+0100 : 2|admin|page|remove-from-session|{"id":"2"}
2018-03-02T15:10:24+0100 : 2|admin|page|get-data-by-id|{"id":"2"}
2018-03-02T15:10:24+0100 : 2|admin|tags|tree-get-children-by-id|{"showSelection":"true","assignmentCId":"2","assignmentCType":"document","node":"0"}
2018-03-02T15:10:54+0100 : 2|admin|element|unlock-element|{"id":"2","type":"document"}
2018-03-02T15:10:54+0100 : 2|admin|page|remove-from-session|{"id":"2"}
2018-03-02T15:10:55+0100 : 2|admin|page|get-data-by-id|{"id":"2"}
2018-03-02T15:10:55+0100 : 2|admin|tags|tree-get-children-by-id|{"showSelection":"true","assignmentCId":"2","assignmentCType":"document","node":"0"}
2018-03-02T15:10:55+0100 : 2|admin|misc|json-translations-system|{"language":"en"}
2018-03-02T15:10:55+0100 : 2|admin|misc|json-translations-admin|{"language":"en"}
2018-03-02T15:10:56+0100 : 2|admin|asset|get-image-thumbnail|{"id":"3","thumbnail":"square500","path":"\/karte-regionen.png","alt":"","cropPercent":"","cropWidth":"","cropHeight":"","cropTop":"","cropLeft":"","pimcore_editmode":"1"}
2018-03-02T15:11:02+0100 : 2|admin|tags|tree-get-children-by-id|{"showSelection":"true","assignmentCId":"","assignmentCType":"","node":"0"}
2018-03-02T15:11:02+0100 : 2|admin|object-helper|grid-get-column-config|{"name":"Person"}
2018-03-02T15:11:02+0100 : 2|searchadmin|search|find|{"xaction":"read","class":"Person","type":"object","query":"","subtype":"","context":"{\"scope\":\"documentEditor\",\"containerType...","page":"1","start":"0","limit":"50"}
2018-03-02T15:11:05+0100 : 2|searchadmin|search|find|{"xaction":"update","class":"Person","type":"object","query":"","subtype":"","context":"{\"scope\":\"documentEditor\",\"containerType..."}
2018-03-02T15:11:06+0100 : 2|searchadmin|search|find|{"xaction":"update","class":"Person","type":"object","query":"","subtype":"","context":"{\"scope\":\"documentEditor\",\"containerType..."}
2018-03-02T15:11:14+0100 : 2|admin|page|save|{"task":"publish","id":"2","data":"{\"myHeadline\":{\"data\":\"ABC Page\",\"type\":..."}
2018-03-02T15:11:14+0100 : 2|admin|document|get-versions|{"id":"2","page":"1","start":"0","limit":"25"}
2018-03-02T15:12:50+0100 : 2|admin|asset|get-image-thumbnail|{"id":"3","treepreview":"true"}
2018-03-02T15:12:50+0100 : 2|admin|asset|get-image-thumbnail|{"id":"2","treepreview":"true"}
2018-03-02T15:12:51+0100 : 2|admin|asset|get-image-thumbnail|{"id":"3","treepreview":"true"}
2018-03-02T15:12:57+0100 : 2|admin|object|save|{"task":"publish","id":"3","modificationDate":"1519996698","data":"[]","general":"{\"o_className\":\"Person\",\"o_published\":fa..."}
2018-03-02T15:12:57+0100 : 2|admin|object|get-versions|{"id":"3","page":"1","start":"0","limit":"25"}
2018-03-02T15:13:18+0100 : 2|admin|element|unlock-element|{"id":"1","type":"document"}
2018-03-02T15:13:18+0100 : 2|admin|page|remove-from-session|{"id":"1"}
2018-03-02T15:13:19+0100 : 2|admin|page|get-data-by-id|{"id":"1"}
2018-03-02T15:13:19+0100 : 2|admin|tags|tree-get-children-by-id|{"showSelection":"true","assignmentCId":"1","assignmentCType":"document","node":"0"}
2018-03-02T15:13:19+0100 : 2|admin|misc|json-translations-system|{"language":"en"}
2018-03-02T15:13:19+0100 : 2|admin|misc|json-translations-admin|{"language":"en"}
2018-03-02T15:13:20+0100 : 2|admin|asset|get-image-thumbnail|{"id":"2","thumbnail":"square500","path":"\/bayernmap.png","alt":"","cropPercent":"","cropWidth":"","cropHeight":"","cropTop":"","cropLeft":"","pimcore_editmode":"1"}
2018-03-02T15:13:28+0100 : 2|admin|page|save|{"task":"publish","id":"1","data":"{\"myHeadline\":{\"data\":\"Look at this\",\"ty..."}
2018-03-02T15:13:28+0100 : 2|admin|document|get-versions|{"id":"1","page":"1","start":"0","limit":"25"}
2018-03-02T15:25:16+0100 : 2|admin|misc|ping|[]
2018-03-02T15:48:16+0100 : 2|admin|misc|ping|[]
2018-03-02T15:52:24+0100 : 2|admin|class|get-tree|{"grouped":"1","node":"0"}
2018-03-02T15:52:29+0100 : 2|admin|class|add|{"name":"BlogPost"}
2018-03-02T15:52:29+0100 : 2|admin|class|get-tree|{"grouped":"1","node":"0"}
2018-03-02T15:52:29+0100 : 2|admin|class|get-tree|{"page":"1","start":"0","limit":"25"}
2018-03-02T15:52:29+0100 : 2|admin|class|get|{"id":"2"}
2018-03-02T15:52:29+0100 : 2|admin|class|get-tree|{"createAllowed":"true","page":"1","start":"0","limit":"25"}
2018-03-02T15:52:30+0100 : 2|admin|index|index|[]
2018-03-02T15:52:33+0100 : 2|admin|index|index|[]
2018-03-02T15:52:46+0100 : 2|admin|translation|add-admin-translation-keys|{"keys":"[\"blogpost\",\"blogpost\",\"blogpost\"]"}
2018-03-02T15:52:46+0100 : 2|admin|class|save|{"configuration":"{\"childs\":[{\"name\":\"Layout\",\"datatype\":\"...","values":"{\"id\":2,\"name\":\"BlogPost\",\"description\":...","id":"2"}
2018-03-02T15:52:46+0100 : 2|admin|class|get-tree|{"grouped":"1","node":"0"}
2018-03-02T15:52:47+0100 : 2|admin|class|get-tree|{"page":"1","start":"0","limit":"25"}
2018-03-02T15:52:47+0100 : 2|admin|class|get-tree|{"createAllowed":"true","page":"1","start":"0","limit":"25"}
2018-03-02T15:53:37+0100 : 2|admin|class|save|{"configuration":"{\"childs\":[{\"name\":\"Layout\",\"datatype\":\"...","values":"{\"id\":2,\"name\":\"BlogPost\",\"description\":...","id":"2"}
2018-03-02T15:53:38+0100 : 2|admin|class|get-tree|{"grouped":"1","node":"0"}
2018-03-02T15:53:38+0100 : 2|admin|class|get-tree|{"page":"1","start":"0","limit":"25"}
2018-03-02T15:53:38+0100 : 2|admin|class|get-tree|{"createAllowed":"true","page":"1","start":"0","limit":"25"}
2018-03-02T15:53:47+0100 : 2|admin|class|save|{"configuration":"{\"childs\":[{\"name\":\"Layout\",\"datatype\":\"...","values":"{\"id\":2,\"name\":\"BlogPost\",\"description\":...","id":"2"}
2018-03-02T15:53:47+0100 : 2|admin|class|get-tree|{"grouped":"1","node":"0"}
2018-03-02T15:53:47+0100 : 2|admin|class|get-tree|{"page":"1","start":"0","limit":"25"}
2018-03-02T15:53:47+0100 : 2|admin|class|get-tree|{"createAllowed":"true","page":"1","start":"0","limit":"25"}
2018-03-02T15:54:06+0100 : 2|admin|class|save|{"configuration":"{\"childs\":[{\"name\":\"Layout\",\"datatype\":\"...","values":"{\"id\":2,\"name\":\"BlogPost\",\"description\":...","id":"2"}
2018-03-02T15:54:07+0100 : 2|admin|class|get-tree|{"grouped":"1","node":"0"}
2018-03-02T15:54:07+0100 : 2|admin|class|get-tree|{"page":"1","start":"0","limit":"25"}
2018-03-02T15:54:07+0100 : 2|admin|class|get-tree|{"createAllowed":"true","page":"1","start":"0","limit":"25"}
2018-03-02T15:54:47+0100 : 2|admin|class|save|{"configuration":"{\"childs\":[{\"name\":\"Layout\",\"datatype\":\"...","values":"{\"id\":2,\"name\":\"BlogPost\",\"description\":...","id":"2"}
2018-03-02T15:54:47+0100 : 2|admin|class|get-tree|{"grouped":"1","node":"0"}
2018-03-02T15:54:48+0100 : 2|admin|class|get-tree|{"page":"1","start":"0","limit":"25"}
2018-03-02T15:54:48+0100 : 2|admin|class|get-tree|{"createAllowed":"true","page":"1","start":"0","limit":"25"}
2018-03-02T15:55:24+0100 : 2|admin|class|save|{"configuration":"{\"childs\":[{\"name\":\"Layout\",\"datatype\":\"...","values":"{\"id\":2,\"name\":\"BlogPost\",\"description\":...","id":"2"}
2018-03-02T15:55:25+0100 : 2|admin|class|get-tree|{"grouped":"1","node":"0"}
2018-03-02T15:55:25+0100 : 2|admin|class|get-tree|{"page":"1","start":"0","limit":"25"}
2018-03-02T15:55:25+0100 : 2|admin|class|get-tree|{"createAllowed":"true","page":"1","start":"0","limit":"25"}
2018-03-02T15:55:40+0100 : 2|admin|class|save|{"configuration":"{\"childs\":[{\"name\":\"Layout\",\"datatype\":\"...","values":"{\"id\":2,\"name\":\"BlogPost\",\"description\":...","id":"2"}
2018-03-02T15:55:40+0100 : 2|admin|class|get-tree|{"grouped":"1","node":"0"}
2018-03-02T15:55:41+0100 : 2|admin|class|get-tree|{"createAllowed":"true","page":"1","start":"0","limit":"25"}
2018-03-02T15:55:41+0100 : 2|admin|class|get-tree|{"page":"1","start":"0","limit":"25"}
2018-03-02T15:55:51+0100 : 2|admin|class|save|{"configuration":"{\"childs\":[{\"name\":\"Layout\",\"datatype\":\"...","values":"{\"id\":2,\"name\":\"BlogPost\",\"description\":...","id":"2"}
2018-03-02T15:55:51+0100 : 2|admin|class|get-tree|{"grouped":"1","node":"0"}
2018-03-02T15:55:51+0100 : 2|admin|class|get-tree|{"page":"1","start":"0","limit":"25"}
2018-03-02T15:55:51+0100 : 2|admin|class|get-tree|{"createAllowed":"true","page":"1","start":"0","limit":"25"}
2018-03-02T15:56:04+0100 : 2|admin|asset|get-image-thumbnail|{"id":"2","treepreview":"true"}
2018-03-02T15:56:17+0100 : 2|admin|misc|get-valid-filename|{"value":"blogposts","type":"object"}
2018-03-02T15:56:17+0100 : 2|admin|object|add-folder|{"elementType":"object","parentId":"1","key":"blogposts"}
2018-03-02T15:56:17+0100 : 2|admin|object|tree-get-childs-by-id|{"limit":"30","view":"","fromPaging":"0","start":"0","node":"1"}
2018-03-02T15:56:18+0100 : 2|admin|object|get-folder|{"id":"4"}
2018-03-02T15:56:18+0100 : 2|admin|tags|tree-get-children-by-id|{"showSelection":"true","assignmentCId":"4","assignmentCType":"object","node":"0"}
2018-03-02T15:56:50+0100 : 2|admin|misc|get-valid-filename|{"value":"01_first","type":"object"}
2018-03-02T15:56:50+0100 : 2|admin|object|add|{"elementType":"object","parentId":"4","className":"BlogPost","classId":"2","key":"01_first"}
2018-03-02T15:56:51+0100 : 2|admin|object|tree-get-childs-by-id|{"limit":"30","view":"","fromPaging":"0","start":"0","node":"4"}
2018-03-02T15:56:51+0100 : 2|admin|object|get|{"id":"5"}
2018-03-02T15:56:51+0100 : 2|admin|tags|tree-get-children-by-id|{"showSelection":"true","assignmentCId":"5","assignmentCType":"object","node":"0"}
2018-03-02T15:57:16+0100 : 2|admin|translation|add-admin-translation-keys|{"keys":"[\"title\",\"subtitle\",\"body\",\"author\",\"pos..."}
2018-03-02T15:58:09+0100 : 2|admin|object|save|{"task":"publish","id":"5","modificationDate":"1520002610","data":"{\"title\":\"Man must explore, and this is ...","general":"{\"o_className\":\"BlogPost\",\"o_published\":..."}
2018-03-02T15:58:09+0100 : 2|admin|object|get-versions|{"id":"5","page":"1","start":"0","limit":"25"}
